
=================================================================================
2025-08-08 13:33:15.596Z: Configuration starting...
2025-08-08 13:33:15.611Z: Cloning...
2025-08-08 13:33:16.774Z: Using image: mcr.microsoft.com/devcontainers/universal

=================================================================================
2025-08-08 13:33:16.795Z: Creating container...
2025-08-08 13:33:16.871Z: $ devcontainer up --id-label Type=codespaces --workspace-folder /var/lib/docker/codespacemount/workspace/SoulsLike --mount type=bind,source=/.codespaces/agent/mount/cache,target=/vscode --user-data-folder /var/lib/docker/codespacemount/.persistedshare --container-data-folder .vscode-remote/data/Machine --container-system-data-folder /var/vscode-remote --log-level trace --log-format json --update-remote-user-uid-default never --mount-workspace-git-root false --omit-config-remote-env-from-metadata --skip-non-blocking-commands --skip-post-create --expect-existing-container --override-config /root/.codespaces/shared/merged_devcontainer.json --default-user-env-probe loginInteractiveShell --container-session-data-folder /workspaces/.codespaces/.persistedshare/devcontainers-cli/cache --secrets-file /root/.codespaces/shared/user-secrets-envs.json
2025-08-08 13:33:17.107Z: @devcontainers/cli 0.80.0. Node.js v18.20.6. linux 6.8.0-1030-azure x64.
2025-08-08 13:33:17.339Z: $ docker start 31cde5c277f318f7f606b3f7dbe2a39e894a453dfa9c97d44939d06c678403a8
2025-08-08 13:33:20.830Z: 31cde5c277f318f7f606b3f7dbe2a39e894a453dfa9c97d44939d06c678403a8

2025-08-08 13:33:20.832Z: Stop: Run: docker start 31cde5c277f318f7f606b3f7dbe2a39e894a453dfa9c97d44939d06c678403a8
2025-08-08 13:33:21.047Z: Outcome: success User: codespace WorkspaceFolder: /workspaces/SoulsLike
2025-08-08 13:33:21.054Z: devcontainer process exited with exit code 0

=================================================================================
2025-08-08 13:33:21.373Z: Running blocking commands...
2025-08-08 13:33:21.402Z: $ devcontainer up --id-label Type=codespaces --workspace-folder /var/lib/docker/codespacemount/workspace/SoulsLike --mount type=bind,source=/.codespaces/agent/mount/cache,target=/vscode --user-data-folder /var/lib/docker/codespacemount/.persistedshare --container-data-folder .vscode-remote/data/Machine --container-system-data-folder /var/vscode-remote --log-level trace --log-format json --update-remote-user-uid-default never --mount-workspace-git-root false --omit-config-remote-env-from-metadata --skip-non-blocking-commands --expect-existing-container --override-config /root/.codespaces/shared/merged_devcontainer.json --default-user-env-probe loginInteractiveShell --container-session-data-folder /workspaces/.codespaces/.persistedshare/devcontainers-cli/cache --secrets-file /root/.codespaces/shared/user-secrets-envs.json
2025-08-08 13:33:21.562Z: @devcontainers/cli 0.80.0. Node.js v18.20.6. linux 6.8.0-1030-azure x64.
2025-08-08 13:33:21.825Z: Outcome: success User: codespace WorkspaceFolder: /workspaces/SoulsLike
2025-08-08 13:33:21.830Z: devcontainer process exited with exit code 0

=================================================================================
2025-08-08 13:33:21.839Z: Configuring codespace...

=================================================================================
2025-08-08 13:33:21.906Z: Running commands...
2025-08-08 13:33:21.918Z: $ devcontainer up --id-label Type=codespaces --workspace-folder /var/lib/docker/codespacemount/workspace/SoulsLike --expect-existing-container --skip-post-attach --mount type=bind,source=/.codespaces/agent/mount/cache,target=/vscode --container-data-folder .vscode-remote/data/Machine --container-system-data-folder /var/vscode-remote --log-level trace --log-format json --update-remote-user-uid-default never --mount-workspace-git-root false --override-config /root/.codespaces/shared/merged_devcontainer.json --default-user-env-probe loginInteractiveShell --container-session-data-folder /workspaces/.codespaces/.persistedshare/devcontainers-cli/cache --secrets-file /root/.codespaces/shared/user-secrets-envs.json
2025-08-08 13:33:22.105Z: @devcontainers/cli 0.80.0. Node.js v18.20.6. linux 6.8.0-1030-azure x64.
2025-08-08 13:33:22.312Z: Outcome: success User: codespace WorkspaceFolder: /workspaces/SoulsLike
2025-08-08 13:33:22.319Z: devcontainer process exited with exit code 0

=================================================================================
2025-08-08 13:33:22.402Z: Finished configuring codespace.
